# JRE version: OpenJDK Runtime Environment Temurin-21.0.2+13 (21.0.2+13) (build 21.0.2+13-LTS)
# Java VM: OpenJDK 64-Bit Server VM Temurin-21.0.2+13 (21.0.2+13-LTS, mixed mode, sharing, tiered, compressed oops, compressed class ptrs, g1 gc, windows-amd64)
GC Precious Log:
 CardTable entry size: 512
 Card Set container configuration: InlinePtr #cards 4 size 8 Array Of Cards #cards 16 size 48 Howl #buckets 8 coarsen threshold 3686 Howl Bitmap #cards 512 size 80 coarsen threshold 460 Card regions per heap region 1 cards per card region 4096
 CPUs: 8 total, 8 available
 Memory: 14269M
 Large Page Support: Disabled
 NUMA Support: Disabled
 Compressed Oops: Enabled (Zero based)
 Heap Region Size: 2M
 Heap Min Capacity: 8M
 Heap Initial Capacity: 224M
 Heap Max Capacity: 3568M
 Pre-touch: Disabled
 Parallel Workers: 8
 Concurrent Workers: 2
 Concurrent Refinement Workers: 8
 Periodic GC: Disabled
Heap:
 garbage-first heap   total 63488K, used 51864K [0x0000000721000000, 0x0000000800000000)
  region size 2048K, 11 young (22528K), 1 survivors (2048K)
 Metaspace       used 69318K, committed 70080K, reserved 1114112K
  class space    used 9263K, committed 9600K, reserved 1048576K
GC Heap History (20 events):
Event: 3.526 GC heap after
{Heap after GC invocations=3 (full 0):
 garbage-first heap   total 229376K, used 13628K [0x0000000721000000, 0x0000000800000000)
  region size 2048K, 4 young (8192K), 4 survivors (8192K)
 Metaspace       used 21209K, committed 21504K, reserved 1114112K
  class space    used 2652K, committed 2816K, reserved 1048576K
}
Event: 5.547 GC heap before
{Heap before GC invocations=4 (full 0):
 garbage-first heap   total 61440K, used 42300K [0x0000000721000000, 0x0000000800000000)
  region size 2048K, 18 young (36864K), 4 survivors (8192K)
 Metaspace       used 24716K, committed 25088K, reserved 1114112K
  class space    used 3105K, committed 3264K, reserved 1048576K
}
Event: 5.557 GC heap after
{Heap after GC invocations=5 (full 0):
 garbage-first heap   total 61440K, used 15601K [0x0000000721000000, 0x0000000800000000)
  region size 2048K, 2 young (4096K), 2 survivors (4096K)
 Metaspace       used 24716K, committed 25088K, reserved 1114112K
  class space    used 3105K, committed 3264K, reserved 1048576K
}
Event: 7.671 GC heap before
{Heap before GC invocations=5 (full 0):
 garbage-first heap   total 61440K, used 42225K [0x0000000721000000, 0x0000000800000000)
  region size 2048K, 16 young (32768K), 2 survivors (4096K)
 Metaspace       used 30358K, committed 30848K, reserved 1114112K
  class space    used 3870K, committed 4096K, reserved 1048576K
}
Event: 7.685 GC heap after
{Heap after GC invocations=6 (full 0):
 garbage-first heap   total 61440K, used 18451K [0x0000000721000000, 0x0000000800000000)
  region size 2048K, 2 young (4096K), 2 survivors (4096K)
 Metaspace       used 30358K, committed 30848K, reserved 1114112K
  class space    used 3870K, committed 4096K, reserved 1048576K
}
Event: 9.099 GC heap before
{Heap before GC invocations=6 (full 0):
 garbage-first heap   total 61440K, used 45075K [0x0000000721000000, 0x0000000800000000)
  region size 2048K, 16 young (32768K), 2 survivors (4096K)
 Metaspace       used 35417K, committed 35968K, reserved 1114112K
  class space    used 4567K, committed 4800K, reserved 1048576K
}
Event: 9.109 GC heap after
{Heap after GC invocations=7 (full 0):
 garbage-first heap   total 61440K, used 20254K [0x0000000721000000, 0x0000000800000000)
  region size 2048K, 1 young (2048K), 1 survivors (2048K)
 Metaspace       used 35417K, committed 35968K, reserved 1114112K
  class space    used 4567K, committed 4800K, reserved 1048576K
}
Event: 10.980 GC heap before
{Heap before GC invocations=8 (full 0):
 garbage-first heap   total 61440K, used 50974K [0x0000000721000000, 0x0000000800000000)
  region size 2048K, 16 young (32768K), 1 survivors (2048K)
 Metaspace       used 44798K, committed 45376K, reserved 1114112K
  class space    used 5887K, committed 6144K, reserved 1048576K
}
Event: 10.985 GC heap after
{Heap after GC invocations=9 (full 0):
 garbage-first heap   total 61440K, used 22971K [0x0000000721000000, 0x0000000800000000)
  region size 2048K, 2 young (4096K), 2 survivors (4096K)
 Metaspace       used 44798K, committed 45376K, reserved 1114112K
  class space    used 5887K, committed 6144K, reserved 1048576K
}
Event: 12.495 GC heap before
{Heap before GC invocations=9 (full 0):
 garbage-first heap   total 61440K, used 49595K [0x0000000721000000, 0x0000000800000000)
  region size 2048K, 15 young (30720K), 2 survivors (4096K)
 Metaspace       used 51801K, committed 52352K, reserved 1114112K
  class space    used 6847K, committed 7104K, reserved 1048576K
}
Event: 12.504 GC heap after
{Heap after GC invocations=10 (full 0):
 garbage-first heap   total 61440K, used 24633K [0x0000000721000000, 0x0000000800000000)
  region size 2048K, 1 young (2048K), 1 survivors (2048K)
 Metaspace       used 51801K, committed 52352K, reserved 1114112K
  class space    used 6847K, committed 7104K, reserved 1048576K
}
Event: 13.832 GC heap before
{Heap before GC invocations=10 (full 0):
 garbage-first heap   total 61440K, used 51257K [0x0000000721000000, 0x0000000800000000)
  region size 2048K, 14 young (28672K), 1 survivors (2048K)
 Metaspace       used 57375K, committed 57984K, reserved 1114112K
  class space    used 7666K, committed 7936K, reserved 1048576K
}
Event: 13.836 GC heap after
{Heap after GC invocations=11 (full 0):
 garbage-first heap   total 61440K, used 25305K [0x0000000721000000, 0x0000000800000000)
  region size 2048K, 2 young (4096K), 2 survivors (4096K)
 Metaspace       used 57375K, committed 57984K, reserved 1114112K
  class space    used 7666K, committed 7936K, reserved 1048576K
}
Event: 14.481 GC heap before
{Heap before GC invocations=11 (full 0):
 garbage-first heap   total 61440K, used 31449K [0x0000000721000000, 0x0000000800000000)
  region size 2048K, 6 young (12288K), 2 survivors (4096K)
 Metaspace       used 59508K, committed 60160K, reserved 1114112K
  class space    used 8001K, committed 8320K, reserved 1048576K
}
Event: 14.485 GC heap after
{Heap after GC invocations=12 (full 0):
 garbage-first heap   total 61440K, used 26034K [0x0000000721000000, 0x0000000800000000)
  region size 2048K, 1 young (2048K), 1 survivors (2048K)
 Metaspace       used 59508K, committed 60160K, reserved 1114112K
  class space    used 8001K, committed 8320K, reserved 1048576K
}
Event: 16.956 GC heap before
{Heap before GC invocations=13 (full 0):
 garbage-first heap   total 61440K, used 50610K [0x0000000721000000, 0x0000000800000000)
  region size 2048K, 14 young (28672K), 1 survivors (2048K)
 Metaspace       used 63901K, committed 64576K, reserved 1114112K
  class space    used 8567K, committed 8896K, reserved 1048576K
}
Event: 16.964 GC heap after
{Heap after GC invocations=14 (full 0):
 garbage-first heap   total 61440K, used 28591K [0x0000000721000000, 0x0000000800000000)
  region size 2048K, 2 young (4096K), 2 survivors (4096K)
 Metaspace       used 63901K, committed 64576K, reserved 1114112K
  class space    used 8567K, committed 8896K, reserved 1048576K
}
Event: 18.771 GC heap before
{Heap before GC invocations=14 (full 0):
 garbage-first heap   total 61440K, used 53167K [0x0000000721000000, 0x0000000800000000)
  region size 2048K, 14 young (28672K), 2 survivors (4096K)
 Metaspace       used 66728K, committed 67456K, reserved 1114112K
  class space    used 8948K, committed 9280K, reserved 1048576K
}
Event: 18.784 GC heap after
{Heap after GC invocations=15 (full 0):
 garbage-first heap   total 63488K, used 31384K [0x0000000721000000, 0x0000000800000000)
  region size 2048K, 2 young (4096K), 2 survivors (4096K)
 Metaspace       used 66728K, committed 67456K, reserved 1114112K
  class space    used 8948K, committed 9280K, reserved 1048576K
}
Event: 150.945 GC heap before
{Heap before GC invocations=15 (full 0):
 garbage-first heap   total 63488K, used 49816K [0x0000000721000000, 0x0000000800000000)
  region size 2048K, 12 young (24576K), 2 survivors (4096K)
 Metaspace       used 69318K, committed 70080K, reserved 1114112K
  class space    used 9263K, committed 9600K, reserved 1048576K
}

