# JRE version: OpenJDK Runtime Environment Temurin-17.0.11+9 (17.0.11+9) (build 17.0.11+9)
# Java VM: OpenJDK 64-Bit Server VM Temurin-17.0.11+9 (17.0.11+9, mixed mode, tiered, compressed oops, compressed class ptrs, parallel gc, windows-amd64)
GC Precious Log:
 CPUs: 8 total, 8 available
 Memory: 14269M
 Large Page Support: Disabled
 NUMA Support: Disabled
 Compressed Oops: Enabled (32-bit)
 Alignments: Space 512K, Generation 512K, Heap 2M
 Heap Min Capacity: 100M
 Heap Initial Capacity: 100M
 Heap Max Capacity: 1G
 Pre-touch: Disabled
 Parallel Workers: 8
Heap:
 PSYoungGen      total 11264K, used 2747K [0x00000000eab00000, 0x00000000ebc80000, 0x0000000100000000)
  eden space 4608K, 59% used [0x00000000eab00000,0x00000000eadaee70,0x00000000eaf80000)
  from space 6656K, 0% used [0x00000000eb600000,0x00000000eb600000,0x00000000ebc80000)
  to   space 6656K, 0% used [0x00000000eaf80000,0x00000000eaf80000,0x00000000eb600000)
 ParOldGen       total 150016K, used 111187K [0x00000000c0000000, 0x00000000c9280000, 0x00000000eab00000)
  object space 150016K, 74% used [0x00000000c0000000,0x00000000c6c94c28,0x00000000c9280000)
 Metaspace       used 89508K, committed 90880K, reserved 1179648K
  class space    used 8830K, committed 9408K, reserved 1048576K
GC Heap History (20 events):
Event: 3787.371 GC heap before
{Heap before GC invocations=3518 (full 62):
 PSYoungGen      total 5632K, used 5568K [0x00000000eab00000, 0x00000000eb500000, 0x0000000100000000)
  eden space 2560K, 100% used [0x00000000eab00000,0x00000000ead80000,0x00000000ead80000)
  from space 3072K, 97% used [0x00000000eb100000,0x00000000eb3f0000,0x00000000eb400000)
  to   space 3584K, 0% used [0x00000000ead80000,0x00000000ead80000,0x00000000eb100000)
 ParOldGen       total 149504K, used 135440K [0x00000000c0000000, 0x00000000c9200000, 0x00000000eab00000)
  object space 149504K, 90% used [0x00000000c0000000,0x00000000c8444198,0x00000000c9200000)
 Metaspace       used 89478K, committed 90880K, reserved 1179648K
  class space    used 8824K, committed 9408K, reserved 1048576K
}
Event: 3787.375 GC heap after
{Heap after GC invocations=3518 (full 62):
 PSYoungGen      total 6144K, used 2656K [0x00000000eab00000, 0x00000000eb400000, 0x0000000100000000)
  eden space 2560K, 0% used [0x00000000eab00000,0x00000000eab00000,0x00000000ead80000)
  from space 3584K, 74% used [0x00000000ead80000,0x00000000eb018000,0x00000000eb100000)
  to   space 3072K, 0% used [0x00000000eb100000,0x00000000eb100000,0x00000000eb400000)
 ParOldGen       total 149504K, used 138408K [0x00000000c0000000, 0x00000000c9200000, 0x00000000eab00000)
  object space 149504K, 92% used [0x00000000c0000000,0x00000000c872a198,0x00000000c9200000)
 Metaspace       used 89478K, committed 90880K, reserved 1179648K
  class space    used 8824K, committed 9408K, reserved 1048576K
}
Event: 3787.384 GC heap before
{Heap before GC invocations=3519 (full 62):
 PSYoungGen      total 6144K, used 5216K [0x00000000eab00000, 0x00000000eb400000, 0x0000000100000000)
  eden space 2560K, 100% used [0x00000000eab00000,0x00000000ead80000,0x00000000ead80000)
  from space 3584K, 74% used [0x00000000ead80000,0x00000000eb018000,0x00000000eb100000)
  to   space 3072K, 0% used [0x00000000eb100000,0x00000000eb100000,0x00000000eb400000)
 ParOldGen       total 149504K, used 138408K [0x00000000c0000000, 0x00000000c9200000, 0x00000000eab00000)
  object space 149504K, 92% used [0x00000000c0000000,0x00000000c872a198,0x00000000c9200000)
 Metaspace       used 89481K, committed 90880K, reserved 1179648K
  class space    used 8824K, committed 9408K, reserved 1048576K
}
Event: 3787.387 GC heap after
{Heap after GC invocations=3519 (full 62):
 PSYoungGen      total 4608K, used 1306K [0x00000000eab00000, 0x00000000eb280000, 0x0000000100000000)
  eden space 3072K, 0% used [0x00000000eab00000,0x00000000eab00000,0x00000000eae00000)
  from space 1536K, 85% used [0x00000000eb100000,0x00000000eb246900,0x00000000eb280000)
  to   space 2048K, 0% used [0x00000000eae80000,0x00000000eae80000,0x00000000eb080000)
 ParOldGen       total 149504K, used 140976K [0x00000000c0000000, 0x00000000c9200000, 0x00000000eab00000)
  object space 149504K, 94% used [0x00000000c0000000,0x00000000c89ac198,0x00000000c9200000)
 Metaspace       used 89481K, committed 90880K, reserved 1179648K
  class space    used 8824K, committed 9408K, reserved 1048576K
}
Event: 3787.392 GC heap before
{Heap before GC invocations=3520 (full 62):
 PSYoungGen      total 4608K, used 4378K [0x00000000eab00000, 0x00000000eb280000, 0x0000000100000000)
  eden space 3072K, 100% used [0x00000000eab00000,0x00000000eae00000,0x00000000eae00000)
  from space 1536K, 85% used [0x00000000eb100000,0x00000000eb246900,0x00000000eb280000)
  to   space 2048K, 0% used [0x00000000eae80000,0x00000000eae80000,0x00000000eb080000)
 ParOldGen       total 149504K, used 140976K [0x00000000c0000000, 0x00000000c9200000, 0x00000000eab00000)
  object space 149504K, 94% used [0x00000000c0000000,0x00000000c89ac198,0x00000000c9200000)
 Metaspace       used 89481K, committed 90880K, reserved 1179648K
  class space    used 8824K, committed 9408K, reserved 1048576K
}
Event: 3787.394 GC heap after
{Heap after GC invocations=3520 (full 62):
 PSYoungGen      total 5632K, used 384K [0x00000000eab00000, 0x00000000eb180000, 0x0000000100000000)
  eden space 3584K, 0% used [0x00000000eab00000,0x00000000eab00000,0x00000000eae80000)
  from space 2048K, 18% used [0x00000000eae80000,0x00000000eaee0000,0x00000000eb080000)
  to   space 1024K, 0% used [0x00000000eb080000,0x00000000eb080000,0x00000000eb180000)
 ParOldGen       total 149504K, used 142165K [0x00000000c0000000, 0x00000000c9200000, 0x00000000eab00000)
  object space 149504K, 95% used [0x00000000c0000000,0x00000000c8ad5628,0x00000000c9200000)
 Metaspace       used 89481K, committed 90880K, reserved 1179648K
  class space    used 8824K, committed 9408K, reserved 1048576K
}
Event: 3787.410 GC heap before
{Heap before GC invocations=3521 (full 62):
 PSYoungGen      total 5632K, used 3968K [0x00000000eab00000, 0x00000000eb180000, 0x0000000100000000)
  eden space 3584K, 100% used [0x00000000eab00000,0x00000000eae80000,0x00000000eae80000)
  from space 2048K, 18% used [0x00000000eae80000,0x00000000eaee0000,0x00000000eb080000)
  to   space 1024K, 0% used [0x00000000eb080000,0x00000000eb080000,0x00000000eb180000)
 ParOldGen       total 149504K, used 142165K [0x00000000c0000000, 0x00000000c9200000, 0x00000000eab00000)
  object space 149504K, 95% used [0x00000000c0000000,0x00000000c8ad5628,0x00000000c9200000)
 Metaspace       used 89481K, committed 90880K, reserved 1179648K
  class space    used 8824K, committed 9408K, reserved 1048576K
}
Event: 3787.412 GC heap after
{Heap after GC invocations=3521 (full 62):
 PSYoungGen      total 5632K, used 756K [0x00000000eab00000, 0x00000000eb180000, 0x0000000100000000)
  eden space 4608K, 0% used [0x00000000eab00000,0x00000000eab00000,0x00000000eaf80000)
  from space 1024K, 73% used [0x00000000eb080000,0x00000000eb13d200,0x00000000eb180000)
  to   space 1024K, 0% used [0x00000000eaf80000,0x00000000eaf80000,0x00000000eb080000)
 ParOldGen       total 149504K, used 142397K [0x00000000c0000000, 0x00000000c9200000, 0x00000000eab00000)
  object space 149504K, 95% used [0x00000000c0000000,0x00000000c8b0f628,0x00000000c9200000)
 Metaspace       used 89481K, committed 90880K, reserved 1179648K
  class space    used 8824K, committed 9408K, reserved 1048576K
}
Event: 3787.421 GC heap before
{Heap before GC invocations=3522 (full 62):
 PSYoungGen      total 5632K, used 5364K [0x00000000eab00000, 0x00000000eb180000, 0x0000000100000000)
  eden space 4608K, 100% used [0x00000000eab00000,0x00000000eaf80000,0x00000000eaf80000)
  from space 1024K, 73% used [0x00000000eb080000,0x00000000eb13d200,0x00000000eb180000)
  to   space 1024K, 0% used [0x00000000eaf80000,0x00000000eaf80000,0x00000000eb080000)
 ParOldGen       total 149504K, used 142397K [0x00000000c0000000, 0x00000000c9200000, 0x00000000eab00000)
  object space 149504K, 95% used [0x00000000c0000000,0x00000000c8b0f628,0x00000000c9200000)
 Metaspace       used 89481K, committed 90880K, reserved 1179648K
  class space    used 8824K, committed 9408K, reserved 1048576K
}
Event: 3787.422 GC heap after
{Heap after GC invocations=3522 (full 62):
 PSYoungGen      total 5632K, used 746K [0x00000000eab00000, 0x00000000eb280000, 0x0000000100000000)
  eden space 4608K, 0% used [0x00000000eab00000,0x00000000eab00000,0x00000000eaf80000)
  from space 1024K, 72% used [0x00000000eaf80000,0x00000000eb03a910,0x00000000eb080000)
  to   space 1024K, 0% used [0x00000000eb180000,0x00000000eb180000,0x00000000eb280000)
 ParOldGen       total 149504K, used 142989K [0x00000000c0000000, 0x00000000c9200000, 0x00000000eab00000)
  object space 149504K, 95% used [0x00000000c0000000,0x00000000c8ba3628,0x00000000c9200000)
 Metaspace       used 89481K, committed 90880K, reserved 1179648K
  class space    used 8824K, committed 9408K, reserved 1048576K
}
Event: 3787.680 GC heap before
{Heap before GC invocations=3523 (full 62):
 PSYoungGen      total 5632K, used 5354K [0x00000000eab00000, 0x00000000eb280000, 0x0000000100000000)
  eden space 4608K, 100% used [0x00000000eab00000,0x00000000eaf80000,0x00000000eaf80000)
  from space 1024K, 72% used [0x00000000eaf80000,0x00000000eb03a910,0x00000000eb080000)
  to   space 1024K, 0% used [0x00000000eb180000,0x00000000eb180000,0x00000000eb280000)
 ParOldGen       total 149504K, used 142989K [0x00000000c0000000, 0x00000000c9200000, 0x00000000eab00000)
  object space 149504K, 95% used [0x00000000c0000000,0x00000000c8ba3628,0x00000000c9200000)
 Metaspace       used 89507K, committed 90880K, reserved 1179648K
  class space    used 8830K, committed 9408K, reserved 1048576K
}
Event: 3787.682 GC heap after
{Heap after GC invocations=3523 (full 62):
 PSYoungGen      total 5632K, used 884K [0x00000000eab00000, 0x00000000eb280000, 0x0000000100000000)
  eden space 4608K, 0% used [0x00000000eab00000,0x00000000eab00000,0x00000000eaf80000)
  from space 1024K, 86% used [0x00000000eb180000,0x00000000eb25d200,0x00000000eb280000)
  to   space 1024K, 0% used [0x00000000eaf80000,0x00000000eaf80000,0x00000000eb080000)
 ParOldGen       total 149504K, used 143578K [0x00000000c0000000, 0x00000000c9200000, 0x00000000eab00000)
  object space 149504K, 96% used [0x00000000c0000000,0x00000000c8c36848,0x00000000c9200000)
 Metaspace       used 89507K, committed 90880K, reserved 1179648K
  class space    used 8830K, committed 9408K, reserved 1048576K
}
Event: 3787.693 GC heap before
{Heap before GC invocations=3524 (full 62):
 PSYoungGen      total 5632K, used 5492K [0x00000000eab00000, 0x00000000eb280000, 0x0000000100000000)
  eden space 4608K, 99% used [0x00000000eab00000,0x00000000eaf7ffe8,0x00000000eaf80000)
  from space 1024K, 86% used [0x00000000eb180000,0x00000000eb25d200,0x00000000eb280000)
  to   space 1024K, 0% used [0x00000000eaf80000,0x00000000eaf80000,0x00000000eb080000)
 ParOldGen       total 149504K, used 143578K [0x00000000c0000000, 0x00000000c9200000, 0x00000000eab00000)
  object space 149504K, 96% used [0x00000000c0000000,0x00000000c8c36848,0x00000000c9200000)
 Metaspace       used 89507K, committed 90880K, reserved 1179648K
  class space    used 8830K, committed 9408K, reserved 1048576K
}
Event: 3787.695 GC heap after
{Heap after GC invocations=3524 (full 62):
 PSYoungGen      total 5632K, used 500K [0x00000000eab00000, 0x00000000eb200000, 0x0000000100000000)
  eden space 4608K, 0% used [0x00000000eab00000,0x00000000eab00000,0x00000000eaf80000)
  from space 1024K, 48% used [0x00000000eaf80000,0x00000000eaffd200,0x00000000eb080000)
  to   space 1024K, 0% used [0x00000000eb100000,0x00000000eb100000,0x00000000eb200000)
 ParOldGen       total 149504K, used 143937K [0x00000000c0000000, 0x00000000c9200000, 0x00000000eab00000)
  object space 149504K, 96% used [0x00000000c0000000,0x00000000c8c906f8,0x00000000c9200000)
 Metaspace       used 89507K, committed 90880K, reserved 1179648K
  class space    used 8830K, committed 9408K, reserved 1048576K
}
Event: 3787.977 GC heap before
{Heap before GC invocations=3525 (full 62):
 PSYoungGen      total 5632K, used 5108K [0x00000000eab00000, 0x00000000eb200000, 0x0000000100000000)
  eden space 4608K, 100% used [0x00000000eab00000,0x00000000eaf80000,0x00000000eaf80000)
  from space 1024K, 48% used [0x00000000eaf80000,0x00000000eaffd200,0x00000000eb080000)
  to   space 1024K, 0% used [0x00000000eb100000,0x00000000eb100000,0x00000000eb200000)
 ParOldGen       total 149504K, used 143937K [0x00000000c0000000, 0x00000000c9200000, 0x00000000eab00000)
  object space 149504K, 96% used [0x00000000c0000000,0x00000000c8c906f8,0x00000000c9200000)
 Metaspace       used 89508K, committed 90880K, reserved 1179648K
  class space    used 8830K, committed 9408K, reserved 1048576K
}
Event: 3787.979 GC heap after
{Heap after GC invocations=3525 (full 62):
 PSYoungGen      total 5632K, used 1008K [0x00000000eab00000, 0x00000000eb280000, 0x0000000100000000)
  eden space 4608K, 0% used [0x00000000eab00000,0x00000000eab00000,0x00000000eaf80000)
  from space 1024K, 98% used [0x00000000eb100000,0x00000000eb1fc010,0x00000000eb200000)
  to   space 1536K, 0% used [0x00000000eaf80000,0x00000000eaf80000,0x00000000eb100000)
 ParOldGen       total 149504K, used 144017K [0x00000000c0000000, 0x00000000c9200000, 0x00000000eab00000)
  object space 149504K, 96% used [0x00000000c0000000,0x00000000c8ca46f8,0x00000000c9200000)
 Metaspace       used 89508K, committed 90880K, reserved 1179648K
  class space    used 8830K, committed 9408K, reserved 1048576K
}
Event: 3787.991 GC heap before
{Heap before GC invocations=3526 (full 62):
 PSYoungGen      total 5632K, used 5616K [0x00000000eab00000, 0x00000000eb280000, 0x0000000100000000)
  eden space 4608K, 100% used [0x00000000eab00000,0x00000000eaf80000,0x00000000eaf80000)
  from space 1024K, 98% used [0x00000000eb100000,0x00000000eb1fc010,0x00000000eb200000)
  to   space 1536K, 0% used [0x00000000eaf80000,0x00000000eaf80000,0x00000000eb100000)
 ParOldGen       total 149504K, used 144017K [0x00000000c0000000, 0x00000000c9200000, 0x00000000eab00000)
  object space 149504K, 96% used [0x00000000c0000000,0x00000000c8ca46f8,0x00000000c9200000)
 Metaspace       used 89508K, committed 90880K, reserved 1179648K
  class space    used 8830K, committed 9408K, reserved 1048576K
}
Event: 3787.995 GC heap after
{Heap after GC invocations=3526 (full 62):
 PSYoungGen      total 6144K, used 1536K [0x00000000eab00000, 0x00000000ebc80000, 0x0000000100000000)
  eden space 4608K, 0% used [0x00000000eab00000,0x00000000eab00000,0x00000000eaf80000)
  from space 1536K, 100% used [0x00000000eaf80000,0x00000000eb100000,0x00000000eb100000)
  to   space 6656K, 0% used [0x00000000eb600000,0x00000000eb600000,0x00000000ebc80000)
 ParOldGen       total 149504K, used 148092K [0x00000000c0000000, 0x00000000c9200000, 0x00000000eab00000)
  object space 149504K, 99% used [0x00000000c0000000,0x00000000c909f008,0x00000000c9200000)
 Metaspace       used 89508K, committed 90880K, reserved 1179648K
  class space    used 8830K, committed 9408K, reserved 1048576K
}
Event: 3787.995 GC heap before
{Heap before GC invocations=3527 (full 63):
 PSYoungGen      total 6144K, used 1536K [0x00000000eab00000, 0x00000000ebc80000, 0x0000000100000000)
  eden space 4608K, 0% used [0x00000000eab00000,0x00000000eab00000,0x00000000eaf80000)
  from space 1536K, 100% used [0x00000000eaf80000,0x00000000eb100000,0x00000000eb100000)
  to   space 6656K, 0% used [0x00000000eb600000,0x00000000eb600000,0x00000000ebc80000)
 ParOldGen       total 149504K, used 148092K [0x00000000c0000000, 0x00000000c9200000, 0x00000000eab00000)
  object space 149504K, 99% used [0x00000000c0000000,0x00000000c909f008,0x00000000c9200000)
 Metaspace       used 89508K, committed 90880K, reserved 1179648K
  class space    used 8830K, committed 9408K, reserved 1048576K
}
Event: 3788.138 GC heap after
{Heap after GC invocations=3527 (full 63):
 PSYoungGen      total 11264K, used 0K [0x00000000eab00000, 0x00000000ebc80000, 0x0000000100000000)
  eden space 4608K, 0% used [0x00000000eab00000,0x00000000eab00000,0x00000000eaf80000)
  from space 6656K, 0% used [0x00000000eb600000,0x00000000eb600000,0x00000000ebc80000)
  to   space 6656K, 0% used [0x00000000eaf80000,0x00000000eaf80000,0x00000000eb600000)
 ParOldGen       total 150016K, used 111187K [0x00000000c0000000, 0x00000000c9280000, 0x00000000eab00000)
  object space 150016K, 74% used [0x00000000c0000000,0x00000000c6c94c28,0x00000000c9280000)
 Metaspace       used 89508K, committed 90880K, reserved 1179648K
  class space    used 8830K, committed 9408K, reserved 1048576K
}

